<?xml version="1.0" encoding="UTF-8"?>
<testsuite xmlns:xsi="http://www.w3.org/2001/XMLSchema-instance" xsi:noNamespaceSchemaLocation="https://maven.apache.org/surefire/maven-surefire-plugin/xsd/surefire-test-report-3.0.xsd" version="3.0" name="TestSuite" time="72.73" tests="7" errors="0" skipped="0" failures="0">
  <properties>
[...]
</properties>
  <testcase name="runScenario[&quot;delete an item from cart&quot;, &quot;cart&quot;](1)" classname="com.run.RunTest" time="10.635">
    <system-out><![CDATA[I am on swiggy_website
i can click cart option and delete from cart
I can delete from cart
]]></system-out>
    <system-err><![CDATA[SLF4J: Failed to load class "org.slf4j.impl.StaticLoggerBinder".
SLF4J: Defaulting to no-operation (NOP) logger implementation
SLF4J: See http://www.slf4j.org/codes.html#StaticLoggerBinder for further details.
ERROR StatusLogger Log4j2 could not find a logging implementation. Please add log4j-core to the classpath. Using SimpleLogger to log to the console...
Starting Microsoft Edge WebDriver 109.0.1518.70 (f787d2c3a4185501adc55d95d53ce7cf872db7c3) on port 36282
To submit feedback, report a bug, or suggest new features, please visit https://github.com/MicrosoftEdge/EdgeWebDriver

Only local connections are allowed.
Please see https://aka.ms/WebDriverSecurity for suggestions on keeping Microsoft Edge WebDriver safe.

Microsoft Edge WebDriver was started successfully.
Jan 29, 2023 12:19:21 PM org.openqa.selenium.devtools.CdpVersionFinder findNearestMatch
WARNING: Unable to find an exact match for CDP version 109, so returning the closest version found: 108
]]></system-err>
  </testcase>
  <testcase name="runScenario[&quot;update  an item from cart&quot;, &quot;cart&quot;](2)" classname="com.run.RunTest" time="8.246">
    <system-out><![CDATA[I am on swiggy_website
I can update cart
I can update from cart
]]></system-out>
    <system-err><![CDATA[Starting Microsoft Edge WebDriver 109.0.1518.70 (f787d2c3a4185501adc55d95d53ce7cf872db7c3) on port 34337
To submit feedback, report a bug, or suggest new features, please visit https://github.com/MicrosoftEdge/EdgeWebDriver

Only local connections are allowed.
Please see https://aka.ms/WebDriverSecurity for suggestions on keeping Microsoft Edge WebDriver safe.

Microsoft Edge WebDriver was started successfully.
Jan 29, 2023 12:19:30 PM org.openqa.selenium.devtools.CdpVersionFinder findNearestMatch
WARNING: Unable to find an exact match for CDP version 109, so returning the closest version found: 108
]]></system-err>
  </testcase>
  <testcase name="runScenario[&quot;search a dish&quot;, &quot;dish&quot;](3)" classname="com.run.RunTest" time="4.25">
    <system-out><![CDATA[I am on homepage of swiggy
I click on search button
I can see list of products with price
]]></system-out>
    <system-err><![CDATA[Starting Microsoft Edge WebDriver 109.0.1518.70 (f787d2c3a4185501adc55d95d53ce7cf872db7c3) on port 13409
To submit feedback, report a bug, or suggest new features, please visit https://github.com/MicrosoftEdge/EdgeWebDriver

Only local connections are allowed.
Please see https://aka.ms/WebDriverSecurity for suggestions on keeping Microsoft Edge WebDriver safe.

Microsoft Edge WebDriver was started successfully.
Jan 29, 2023 12:19:39 PM org.openqa.selenium.devtools.CdpVersionFinder findNearestMatch
WARNING: Unable to find an exact match for CDP version 109, so returning the closest version found: 108
]]></system-err>
  </testcase>
  <testcase name="runScenario[&quot;display all product name&quot;, &quot;dish&quot;](4)" classname="com.run.RunTest" time="17.529">
    <system-out><![CDATA[I can see list of product name with price
i can find list of product name
Meatburst Mac N Cheese Pasta
Mac & Cheese Pasta
Italian Cheezy Pasta
Spicy Mushroom & Corn Spaghetti Pasta
Creamy Mushroom Pasta
Veg Arrabiatta Pasta
Chicken Alfredo Pasta
Paneer Tikka Mac N Cheese Pasta
Veg Pasta
Chicken Pasta
Creamy Pesto With Sundried Tomato Pasta
Pasta With Red Bell Pepper Sauce
Alfredo Pasta
Peri Peri Pasta
Creamy Pesto Sauce Penne Pasta
Chicken Pasta
Creamy Tomato Pasta Veg
Tikka Masala Pasta Veg
Pasta Barbaresca
Alferdo Pasta
Pasta Bolognese
Baked Pasta
Meatburst Mac N Cheese Pasta
Paneer Tikka Mac N Cheese Pasta
Kitty Pasta
Veg Cream In Mushroom Pasta
Alfredo Mushroom Penne Pasta
Veg Alfredo Pasta
Alfredo Chicken Penne Pasta
Non Veg Tangy Arrabiataa Pasta
[Newly Launched] Chicken Tikka Mac & Cheese Pasta Bowl
[Newly Launched] Paneer Tikka Mac & Cheese Pasta Bowl
Mushroom Pasta
Veg Cream In Mushroom Pasta
Non Veg Tangy Arrabiata Pasta
Chicken Pasta
Veg White Sauce Pasta
Pink Sauce Pasta
Cheese Pasta
Mac N Cheese Pasta
Creamy Chicken Pasta
Alferdo Pasta
Carbonara Pasta
Alfredo Pasta
Chicken Pasta
Egg Pasta
Creamy Penne Pasta
Pasta Alfredo
Pink Pasta
Italian Pasta
Pasta Barberesca
White Sauce Pasta
Creamy Pasta
Say Cheese Pasta
Cheese pasta
Spaghetti Arrabbiata Pasta
Al Funghi Pasta
Mediterranean Clean Bowl
Noodles Fusion Pasta
Lasagna Chicken Pasta
Havana Style Macroni Pink Sauce Pasta
White Penne Pasta
Mix Veg Pasta
Chicken Pasta
Mushroom Pepper Sauce Pasta
White sauce pasta
Red sauce pasta
Alferdo Pasta
Carbonara Pasta
Mediterranean Pasta
Red pasta
Alfredo Chicken Pasta
American Mac & Cheese Pasta
Creamy Corn White Sauce Pasta
Peri Peri Pasta
Chicken Pasta
Fish Pasta
Mushroom (red Sauce Pasta)
White Creamy Mushroom Pasta
Red Chilli Macaroni Pasta
Chicken (white Sauce Pasta)
Havana Style Spaghetti Pink Sauce Pasta
Mexican Pasta Chicken Red Sauce
Chicken Arrabbiata Penne Pasta
Chicken Alfredo Pasta
Veg Alfredo Pasta
Creamy White Penne Pasta
White sauce pasta
Arrabbiata Pasta With Vegetable
Vegetable & Mushroom Pasta
Veg Arrabbiata Penne Pasta
Chicken White Pasta (Penne)
White Pasta (Penne)
Chicken Pasta
Spaghetti Aglio E Olio Pasta
Spicy Chicken Pasta
Creamy Chicken Pasta
Corn With Spinach Pasta
Red Sauce Penna Pasta
Red sauce pasta
Veg Pasta White
i can see list of product name on the console
]]></system-out>
    <system-err><![CDATA[Starting Microsoft Edge WebDriver 109.0.1518.70 (f787d2c3a4185501adc55d95d53ce7cf872db7c3) on port 33927
To submit feedback, report a bug, or suggest new features, please visit https://github.com/MicrosoftEdge/EdgeWebDriver

Only local connections are allowed.
Please see https://aka.ms/WebDriverSecurity for suggestions on keeping Microsoft Edge WebDriver safe.

Microsoft Edge WebDriver was started successfully.
Jan 29, 2023 12:19:43 PM org.openqa.selenium.devtools.CdpVersionFinder findNearestMatch
WARNING: Unable to find an exact match for CDP version 109, so returning the closest version found: 108
]]></system-err>
  </testcase>
  <testcase name="runScenario[&quot;display all product price&quot;, &quot;dish&quot;](5)" classname="com.run.RunTest" time="19.829">
    <system-out><![CDATA[I can see list of product name with price
325
199
100
219
299
159
179
299
133
183
410
380
235
235
237
295
145
145
504
486
575
150
325
299
180
259
269
489
289
339
259
259
275
199
210
138.10
230
270
280
265
220
200
200
150
249
110
350
295
249
249
455
426
229
275
140
299
365
459
185
428.57
340
240
360
400
410
170
140
280
429
365
120
428.57
228
238
306
319
338
168
324
311
231
340
429
270
214.50
181.50
190
100
230
200
240
199
165
240
290
170
170
388
190
110
189
i can see list of product price on the console
]]></system-out>
    <system-err><![CDATA[Starting Microsoft Edge WebDriver 109.0.1518.70 (f787d2c3a4185501adc55d95d53ce7cf872db7c3) on port 27810
To submit feedback, report a bug, or suggest new features, please visit https://github.com/MicrosoftEdge/EdgeWebDriver

Only local connections are allowed.
Please see https://aka.ms/WebDriverSecurity for suggestions on keeping Microsoft Edge WebDriver safe.

Microsoft Edge WebDriver was started successfully.
Jan 29, 2023 12:20:03 PM org.openqa.selenium.devtools.CdpVersionFinder findNearestMatch
WARNING: Unable to find an exact match for CDP version 109, so returning the closest version found: 108
]]></system-err>
  </testcase>
  <testcase name="runScenario[&quot;add to cart&quot;, &quot;dish&quot;](6)" classname="com.run.RunTest" time="5.988">
    <system-out><![CDATA[I can see list of product name with price
i click on add button on any of the given product
item will be added to cart
]]></system-out>
    <system-err><![CDATA[Starting Microsoft Edge WebDriver 109.0.1518.70 (f787d2c3a4185501adc55d95d53ce7cf872db7c3) on port 37687
To submit feedback, report a bug, or suggest new features, please visit https://github.com/MicrosoftEdge/EdgeWebDriver

Only local connections are allowed.
Please see https://aka.ms/WebDriverSecurity for suggestions on keeping Microsoft Edge WebDriver safe.

Microsoft Edge WebDriver was started successfully.
Jan 29, 2023 12:20:22 PM org.openqa.selenium.devtools.CdpVersionFinder findNearestMatch
WARNING: Unable to find an exact match for CDP version 109, so returning the closest version found: 108
]]></system-err>
  </testcase>
  <testcase name="runScenario[&quot;set the location&quot;, &quot;location&quot;](7)" classname="com.run.RunTest" time="4.888">
    <system-out><![CDATA[i_am_on_swiggy_homepage_website
i click on enter your delivery location
i press enter to select location
]]></system-out>
    <system-err><![CDATA[Starting Microsoft Edge WebDriver 109.0.1518.70 (f787d2c3a4185501adc55d95d53ce7cf872db7c3) on port 48711
To submit feedback, report a bug, or suggest new features, please visit https://github.com/MicrosoftEdge/EdgeWebDriver

Only local connections are allowed.
Please see https://aka.ms/WebDriverSecurity for suggestions on keeping Microsoft Edge WebDriver safe.

Microsoft Edge WebDriver was started successfully.
Jan 29, 2023 12:20:27 PM org.openqa.selenium.devtools.CdpVersionFinder findNearestMatch
WARNING: Unable to find an exact match for CDP version 109, so returning the closest version found: 108
]]></system-err>
  </testcase>
</testsuite>