<?xml version="1.0" encoding="UTF-8"?>
<testng-results ignored="0" total="7" passed="7" failed="0" skipped="0">
  <reporter-output>
  </reporter-output>
  <suite started-at="2023-01-29T12:19:15 GMT+05:30" name="TesNg.xml" finished-at="2023-01-29T12:20:27 GMT+05:30" duration-ms="71799">
    <groups>
      <group name="cucumber">
        <method signature="AbstractTestNGCucumberTests.runScenario(io.cucumber.testng.PickleWrapper,io.cucumber.testng.FeatureWrapper)[pri:0, instance:com.run.RunTest@3f191845]" name="runScenario" class="io.cucumber.testng.AbstractTestNGCucumberTests"/>
      </group> <!-- cucumber -->
    </groups>
    <test started-at="2023-01-29T12:19:15 GMT+05:30" name="Test" finished-at="2023-01-29T12:20:27 GMT+05:30" duration-ms="71799">
      <class name="com.run.RunTest">
        <test-method is-config="true" signature="setUpClass(org.testng.ITestContext)[pri:0, instance:com.run.RunTest@3f191845]" started-at="2023-01-29T12:19:15 GMT+05:30" name="setUpClass" finished-at="2023-01-29T12:19:15 GMT+05:30" duration-ms="239" status="PASS">
          <params>
            <param index="0">
              <value>
                <![CDATA[org.testng.TestRunner@713ec32d]]>
              </value>
            </param>
          </params>
          <reporter-output>
          </reporter-output>
        </test-method> <!-- setUpClass -->
        <test-method signature="runScenario(io.cucumber.testng.PickleWrapper,io.cucumber.testng.FeatureWrapper)[pri:0, instance:com.run.RunTest@3f191845]" started-at="2023-01-29T12:19:15 GMT+05:30" name="runScenario" description="Runs Cucumber Scenarios" data-provider="scenarios" finished-at="2023-01-29T12:19:26 GMT+05:30" duration-ms="10630" status="PASS">
          <params>
            <param index="0">
              <value>
                <![CDATA["delete an item from cart"]]>
              </value>
            </param>
            <param index="1">
              <value>
                <![CDATA["cart"]]>
              </value>
            </param>
          </params>
          <reporter-output>
          </reporter-output>
        </test-method> <!-- runScenario -->
        <test-method signature="runScenario(io.cucumber.testng.PickleWrapper,io.cucumber.testng.FeatureWrapper)[pri:0, instance:com.run.RunTest@3f191845]" started-at="2023-01-29T12:19:26 GMT+05:30" name="runScenario" description="Runs Cucumber Scenarios" data-provider="scenarios" finished-at="2023-01-29T12:19:34 GMT+05:30" duration-ms="8261" status="PASS">
          <params>
            <param index="0">
              <value>
                <![CDATA["update  an item from cart"]]>
              </value>
            </param>
            <param index="1">
              <value>
                <![CDATA["cart"]]>
              </value>
            </param>
          </params>
          <reporter-output>
          </reporter-output>
        </test-method> <!-- runScenario -->
        <test-method signature="runScenario(io.cucumber.testng.PickleWrapper,io.cucumber.testng.FeatureWrapper)[pri:0, instance:com.run.RunTest@3f191845]" started-at="2023-01-29T12:19:34 GMT+05:30" name="runScenario" description="Runs Cucumber Scenarios" data-provider="scenarios" finished-at="2023-01-29T12:19:39 GMT+05:30" duration-ms="4259" status="PASS">
          <params>
            <param index="0">
              <value>
                <![CDATA["search a dish"]]>
              </value>
            </param>
            <param index="1">
              <value>
                <![CDATA["dish"]]>
              </value>
            </param>
          </params>
          <reporter-output>
          </reporter-output>
        </test-method> <!-- runScenario -->
        <test-method signature="runScenario(io.cucumber.testng.PickleWrapper,io.cucumber.testng.FeatureWrapper)[pri:0, instance:com.run.RunTest@3f191845]" started-at="2023-01-29T12:19:39 GMT+05:30" name="runScenario" description="Runs Cucumber Scenarios" data-provider="scenarios" finished-at="2023-01-29T12:19:56 GMT+05:30" duration-ms="17540" status="PASS">
          <params>
            <param index="0">
              <value>
                <![CDATA["display all product name"]]>
              </value>
            </param>
            <param index="1">
              <value>
                <![CDATA["dish"]]>
              </value>
            </param>
          </params>
          <reporter-output>
          </reporter-output>
        </test-method> <!-- runScenario -->
        <test-method signature="runScenario(io.cucumber.testng.PickleWrapper,io.cucumber.testng.FeatureWrapper)[pri:0, instance:com.run.RunTest@3f191845]" started-at="2023-01-29T12:19:56 GMT+05:30" name="runScenario" description="Runs Cucumber Scenarios" data-provider="scenarios" finished-at="2023-01-29T12:20:16 GMT+05:30" duration-ms="19847" status="PASS">
          <params>
            <param index="0">
              <value>
                <![CDATA["display all product price"]]>
              </value>
            </param>
            <param index="1">
              <value>
                <![CDATA["dish"]]>
              </value>
            </param>
          </params>
          <reporter-output>
          </reporter-output>
        </test-method> <!-- runScenario -->
        <test-method signature="runScenario(io.cucumber.testng.PickleWrapper,io.cucumber.testng.FeatureWrapper)[pri:0, instance:com.run.RunTest@3f191845]" started-at="2023-01-29T12:20:16 GMT+05:30" name="runScenario" description="Runs Cucumber Scenarios" data-provider="scenarios" finished-at="2023-01-29T12:20:22 GMT+05:30" duration-ms="6004" status="PASS">
          <params>
            <param index="0">
              <value>
                <![CDATA["add to cart"]]>
              </value>
            </param>
            <param index="1">
              <value>
                <![CDATA["dish"]]>
              </value>
            </param>
          </params>
          <reporter-output>
          </reporter-output>
        </test-method> <!-- runScenario -->
        <test-method signature="runScenario(io.cucumber.testng.PickleWrapper,io.cucumber.testng.FeatureWrapper)[pri:0, instance:com.run.RunTest@3f191845]" started-at="2023-01-29T12:20:22 GMT+05:30" name="runScenario" description="Runs Cucumber Scenarios" data-provider="scenarios" finished-at="2023-01-29T12:20:27 GMT+05:30" duration-ms="4931" status="PASS">
          <params>
            <param index="0">
              <value>
                <![CDATA["set the location"]]>
              </value>
            </param>
            <param index="1">
              <value>
                <![CDATA["location"]]>
              </value>
            </param>
          </params>
          <reporter-output>
          </reporter-output>
        </test-method> <!-- runScenario -->
        <test-method is-config="true" signature="tearDownClass()[pri:0, instance:com.run.RunTest@3f191845]" started-at="2023-01-29T12:20:27 GMT+05:30" name="tearDownClass" finished-at="2023-01-29T12:20:27 GMT+05:30" duration-ms="8" status="PASS">
          <reporter-output>
          </reporter-output>
        </test-method> <!-- tearDownClass -->
      </class> <!-- com.run.RunTest -->
    </test> <!-- Test -->
  </suite> <!-- TesNg.xml -->
</testng-results>
