<?xml version="1.0" encoding="UTF-8"?>
<testng-results ignored="0" total="1" passed="1" failed="0" skipped="0">
  <reporter-output>
  </reporter-output>
  <suite started-at="2023-01-29T11:11:43 GMT+05:30" name="Default suite" finished-at="2023-01-29T11:12:25 GMT+05:30" duration-ms="41693">
    <groups>
    </groups>
    <test started-at="2023-01-29T11:11:43 GMT+05:30" name="Default test" finished-at="2023-01-29T11:12:25 GMT+05:30" duration-ms="41693">
      <class name="com.excel.runner">
        <test-method signature="main()[pri:0, instance:com.excel.runner@306e95ec]" started-at="2023-01-29T11:11:43 GMT+05:30" name="main" finished-at="2023-01-29T11:12:25 GMT+05:30" duration-ms="41546" status="PASS">
          <reporter-output>
          </reporter-output>
        </test-method> <!-- main -->
      </class> <!-- com.excel.runner -->
    </test> <!-- Default test -->
  </suite> <!-- Default suite -->
</testng-results>
